{
  "RSpec": {
    "coverage": {
      "/Users/apple/Documents/HomeWork/followers-api/app/controllers/api/subscribes_controller.rb": [
        1,
        null,
        1,
        1,
        1,
        null,
        1,
        3,
        3,
        null,
        null,
        1,
        1,
        1,
        null,
        1,
        1,
        1,
        null,
        null,
        1,
        1,
        1,
        null,
        1,
        1,
        1,
        null,
        null,
        1,
        1,
        1,
        null,
        1,
        3,
        3,
        null,
        null,
        null
      ],
      "/Users/apple/Documents/HomeWork/followers-api/app/controllers/application_controller.rb": [
        1,
        null
      ],
      "/Users/apple/Documents/HomeWork/followers-api/app/models/subscribe.rb": [
        1,
        null,
        1,
        1,
        null,
        1,
        1,
        null,
        1,
        0,
        0,
        null,
        null,
        1,
        7,
        null,
        null,
        1,
        7,
        7,
        14,
        14,
        null,
        2,
        null,
        null,
        null,
        5,
        5,
        null,
        null,
        1,
        2,
        2,
        null,
        null,
        1,
        1,
        1,
        null,
        null,
        1,
        3,
        3,
        6,
        6,
        null,
        null,
        3,
        3,
        null,
        3,
        null,
        2,
        2,
        null,
        1,
        1,
        null,
        null,
        null,
        1,
        3,
        3,
        3,
        3,
        3,
        3,
        3,
        6,
        3,
        null,
        null,
        1,
        3,
        3,
        2,
        null,
        3,
        2,
        2,
        null,
        null,
        null,
        1,
        3,
        null,
        null,
        1,
        3,
        null,
        null,
        null
      ],
      "/Users/apple/Documents/HomeWork/followers-api/app/models/application_record.rb": [
        1,
        1,
        null
      ],
      "/Users/apple/Documents/HomeWork/followers-api/app/models/user.rb": [
        1,
        1,
        1,
        1,
        null,
        1,
        1,
        null,
        1,
        1,
        null,
        1,
        2,
        null,
        null,
        1,
        0,
        0,
        0,
        null,
        null,
        1,
        0,
        0,
        0,
        null,
        null,
        1,
        0,
        null,
        null,
        1,
        7,
        null,
        null,
        null
      ],
      "/Users/apple/Documents/HomeWork/followers-api/app/models/follower.rb": [
        1,
        1,
        1,
        null,
        1,
        null,
        1,
        0,
        0,
        0,
        0,
        0,
        null,
        0,
        null,
        null,
        null,
        0,
        0,
        null,
        0,
        0,
        null,
        null,
        null,
        1,
        0,
        0,
        0,
        0,
        0,
        null,
        0,
        null,
        null,
        null,
        1,
        0,
        0,
        0,
        0,
        null,
        0,
        null,
        null,
        null,
        0,
        0,
        0,
        0,
        null,
        null,
        null
      ],
      "/Users/apple/Documents/HomeWork/followers-api/app/channels/application_cable/channel.rb": [
        0,
        0,
        0,
        0
      ],
      "/Users/apple/Documents/HomeWork/followers-api/app/channels/application_cable/connection.rb": [
        0,
        0,
        0,
        0
      ],
      "/Users/apple/Documents/HomeWork/followers-api/app/controllers/api/followers_controller.rb": [
        0,
        null,
        0,
        0,
        null,
        0,
        0,
        0,
        0,
        null,
        0,
        0,
        null,
        0,
        0,
        0,
        0,
        null,
        0,
        0,
        null,
        0,
        0,
        0,
        0,
        null,
        0
      ],
      "/Users/apple/Documents/HomeWork/followers-api/app/jobs/application_job.rb": [
        0,
        0
      ],
      "/Users/apple/Documents/HomeWork/followers-api/app/mailers/application_mailer.rb": [
        0,
        0,
        0,
        0
      ]
    },
    "timestamp": 1518366729
  }
}
