{
  "RSpec": {
    "coverage": {
      "/Users/apple/Documents/HomeWork/followers-api/app/models/user.rb": [
        1,
        1,
        1,
        1,
        null,
        1,
        1,
        null,
        1,
        1,
        null,
        1,
        9,
        null,
        null,
        1,
        3,
        3,
        3,
        null,
        null,
        1,
        1,
        1,
        1,
        null,
        null,
        1,
        3,
        null,
        null,
        1,
        3,
        null,
        null,
        null
      ],
      "/Users/apple/Documents/HomeWork/followers-api/app/models/application_record.rb": [
        1,
        1,
        null
      ],
      "/Users/apple/Documents/HomeWork/followers-api/app/models/follower.rb": [
        1,
        1,
        1,
        null,
        1,
        null
      ],
      "/Users/apple/Documents/HomeWork/followers-api/app/models/subscribe.rb": [
        1,
        null,
        1,
        1,
        null,
        1,
        1,
        null,
        1,
        1,
        1,
        null,
        null,
        1,
        1,
        null,
        null,
        null
      ],
      "/Users/apple/Documents/HomeWork/followers-api/app/channels/application_cable/channel.rb": [
        0,
        0,
        0,
        0
      ],
      "/Users/apple/Documents/HomeWork/followers-api/app/channels/application_cable/connection.rb": [
        0,
        0,
        0,
        0
      ],
      "/Users/apple/Documents/HomeWork/followers-api/app/controllers/application_controller.rb": [
        0,
        0
      ],
      "/Users/apple/Documents/HomeWork/followers-api/app/jobs/application_job.rb": [
        0,
        0
      ],
      "/Users/apple/Documents/HomeWork/followers-api/app/mailers/application_mailer.rb": [
        0,
        0,
        0,
        0
      ]
    },
    "timestamp": 1518339594
  }
}
